2025-03-26 18:35:43,190 - fraud_detection - INFO - Starting credit card fraud detection analysis
2025-03-26 18:35:43,190 - fraud_detection - INFO - 
Loading and preprocessing data:
2025-03-26 18:35:43,190 - fraud_detection - INFO - Checking for dataset...
2025-03-26 18:35:43,190 - fraud_detection - INFO - Loading dataset...
2025-03-26 18:35:43,966 - fraud_detection - INFO - Dataset loaded successfully from creditcard.csv
2025-03-26 18:35:43,967 - fraud_detection - INFO - 
Dataset shape: (284807, 31)
2025-03-26 18:35:43,981 - fraud_detection - INFO - Dataset preview (first 5 rows):
   Time        V1        V2        V3        V4        V5        V6        V7        V8        V9       V10  ...       V20       V21       V22       V23       V24       V25       V26       V27       V28  Amount  Class
0   0.0 -1.359807 -0.072781  2.536347  1.378155 -0.338321  0.462388  0.239599  0.098698  0.363787  0.090794  ...  0.251412 -0.018307  0.277838 -0.110474  0.066928  0.128539 -0.189115  0.133558 -0.021053  149.62      0
1   0.0  1.191857  0.266151  0.166480  0.448154  0.060018 -0.082361 -0.078803  0.085102 -0.255425 -0.166974  ... -0.069083 -0.225775 -0.638672  0.101288 -0.339846  0.167170  0.125895 -0.008983  0.014724    2.69      0
2   1.0 -1.358354 -1.340163  1.773209  0.379780 -0.503198  1.800499  0.791461  0.247676 -1.514654  0.207643  ...  0.524980  0.247998  0.771679  0.909412 -0.689281 -0.327642 -0.139097 -0.055353 -0.059752  378.66      0
3   1.0 -0.966272 -0.185226  1.792993 -0.863291 -0.010309  1.247203  0.237609  0.377436 -1.387024 -0.054952  ... -0.208038 -0.108300  0.005274 -0.190321 -1.175575  0.647376 -0.221929  0.062723  0.061458  123.50      0
4   2.0 -1.158233  0.877737  1.548718  0.403034 -0.407193  0.095921  0.592941 -0.270533  0.817739  0.753074  ...  0.408542 -0.009431  0.798278 -0.137458  0.141267 -0.206010  0.502292  0.219422  0.215153   69.99      0

[5 rows x 31 columns]
2025-03-26 18:35:43,981 - fraud_detection - INFO - 
Checking for missing values:
2025-03-26 18:35:43,992 - fraud_detection - INFO - Missing values report saved to credit_card_fraud_detection\reports\missing_values_report.csv
2025-03-26 18:35:43,992 - fraud_detection - INFO - 
Handling duplicate records:
2025-03-26 18:35:44,506 - fraud_detection - INFO - Number of duplicate rows: 1081
2025-03-26 18:35:44,975 - fraud_detection - INFO - Number of rows after dropping duplicates: 283726
2025-03-26 18:35:44,977 - fraud_detection - INFO - 
Checking class balance:
2025-03-26 18:35:44,979 - fraud_detection - INFO - normal_trans = 283253
2025-03-26 18:35:44,979 - fraud_detection - INFO - fraud_trans = 473
2025-03-26 18:35:44,979 - fraud_detection - INFO - percentage_normal_trans = 99.83%
2025-03-26 18:35:44,980 - fraud_detection - INFO - percentage_fraud_trans = 0.17%
2025-03-26 18:35:44,981 - fraud_detection - INFO - Class balance report saved to credit_card_fraud_detection\reports\class_balance_report.csv
2025-03-26 18:35:44,981 - fraud_detection - INFO - 
Plotting class distribution:
2025-03-26 18:35:45,567 - fraud_detection - INFO - Class distribution plot saved to credit_card_fraud_detection\reports\class_distribution.png
