2025-03-30 20:39:47,154 - fraud_detection - INFO - Starting credit card fraud detection analysis
2025-03-30 20:39:47,154 - fraud_detection - INFO - 
Loading and preprocessing data:
2025-03-30 20:39:47,154 - fraud_detection - INFO - Checking for dataset...
2025-03-30 20:39:47,154 - fraud_detection - INFO - Loading dataset...
2025-03-30 20:39:48,026 - fraud_detection - INFO - Dataset loaded successfully from creditcard.csv
2025-03-30 20:39:53,720 - fraud_detection - INFO - Dataset saved to credit_card_fraud_detection\data\creditcard.csv
2025-03-30 20:39:53,721 - fraud_detection - INFO - 
Dataset shape: (284807, 31)
2025-03-30 20:39:53,739 - fraud_detection - INFO - Dataset preview (first 5 rows):
   Time        V1        V2        V3        V4        V5  ...       V25       V26       V27       V28  Amount  Class
0   0.0 -1.359807 -0.072781  2.536347  1.378155 -0.338321  ...  0.128539 -0.189115  0.133558 -0.021053  149.62      0
1   0.0  1.191857  0.266151  0.166480  0.448154  0.060018  ...  0.167170  0.125895 -0.008983  0.014724    2.69      0
2   1.0 -1.358354 -1.340163  1.773209  0.379780 -0.503198  ... -0.327642 -0.139097 -0.055353 -0.059752  378.66      0
3   1.0 -0.966272 -0.185226  1.792993 -0.863291 -0.010309  ...  0.647376 -0.221929  0.062723  0.061458  123.50      0
4   2.0 -1.158233  0.877737  1.548718  0.403034 -0.407193  ... -0.206010  0.502292  0.219422  0.215153   69.99      0

[5 rows x 31 columns]
2025-03-30 20:39:53,740 - fraud_detection - INFO - 
Checking for missing values:
2025-03-30 20:39:53,750 - fraud_detection - INFO - Missing values report saved to credit_card_fraud_detection\reports\missing_values_report.csv
2025-03-30 20:39:53,750 - fraud_detection - INFO - 
Handling duplicate records:
2025-03-30 20:39:54,238 - fraud_detection - INFO - Number of duplicate rows: 1081
2025-03-30 20:39:54,751 - fraud_detection - INFO - Number of rows after dropping duplicates: 283726
2025-03-30 20:39:54,756 - fraud_detection - INFO - 
Checking class balance:
2025-03-30 20:39:54,759 - fraud_detection - INFO - normal_trans = 283253
2025-03-30 20:39:54,759 - fraud_detection - INFO - fraud_trans = 473
2025-03-30 20:39:54,760 - fraud_detection - INFO - percentage_normal_trans = 99.83%
2025-03-30 20:39:54,760 - fraud_detection - INFO - percentage_fraud_trans = 0.17%
2025-03-30 20:39:54,761 - fraud_detection - INFO - Class balance report saved to credit_card_fraud_detection\reports\class_balance_report.csv
2025-03-30 20:39:54,762 - fraud_detection - INFO - 
Plotting class distribution:
2025-03-30 20:39:55,344 - fraud_detection - INFO - Class distribution plot saved to credit_card_fraud_detection\reports\class_distribution.png
